<?xml version="1.0" encoding="UTF-8"?>
<!-- Generated by org.testng.reporters.JUnitXMLReporter -->
<testsuite hostname="DESKTOP-VIR0CUT" ignored="0" name="Test" tests="4" failures="3" timestamp="23 May 2023 15:18:19 GMT" time="67.219" errors="0">
  <testcase name="loginDDT" time="12.953" classname="org.testcases.TC_LoginTest_DDT_002"/>
  <testcase name="loginDDT" time="11.321" classname="org.testcases.TC_LoginTest_DDT_002">
    <failure type="java.lang.AssertionError" message="expected [true] but found [false]">
      <![CDATA[java.lang.AssertionError: expected [true] but found [false]
	at org.testcases.TC_LoginTest_DDT_002.loginDDT(TC_LoginTest_DDT_002.java:31)
... Removed 29 stack frames]]>
    </failure>
  </testcase> <!-- loginDDT -->
  <testcase name="loginDDT" time="9.246" classname="org.testcases.TC_LoginTest_DDT_002">
    <failure type="java.lang.AssertionError" message="expected [true] but found [false]">
      <![CDATA[java.lang.AssertionError: expected [true] but found [false]
	at org.testcases.TC_LoginTest_DDT_002.loginDDT(TC_LoginTest_DDT_002.java:31)
... Removed 29 stack frames]]>
    </failure>
  </testcase> <!-- loginDDT -->
  <testcase name="loginDDT" time="10.961" classname="org.testcases.TC_LoginTest_DDT_002">
    <failure type="java.lang.AssertionError" message="expected [true] but found [false]">
      <![CDATA[java.lang.AssertionError: expected [true] but found [false]
	at org.testcases.TC_LoginTest_DDT_002.loginDDT(TC_LoginTest_DDT_002.java:31)
... Removed 29 stack frames]]>
    </failure>
  </testcase> <!-- loginDDT -->
</testsuite> <!-- Test -->
